<?xml version="1.0" encoding="UTF-8"?>
<testsuite name="com.spire.halcyon.service.GameServiceTest" tests="1" skipped="0" failures="0" errors="0" timestamp="2019-10-01T06:21:55" hostname="DESKTOP-SEGAMR6" time="0.01">
  <properties/>
  <testcase name="CreateGame_ValidGameProvided_GameShouldBeNonNull" classname="com.spire.halcyon.service.GameServiceTest" time="0.01"/>
  <system-out><![CDATA[]]></system-out>
  <system-err><![CDATA[]]></system-err>
</testsuite>
